<?xml version="1.0" encoding="UTF-8"?>
<!-- Generated by org.testng.reporters.JUnitXMLReporter -->
<testsuite hostname="DESKTOP-NGNDCQO" ignored="0" name="Default test" tests="17" failures="0" timestamp="24 Sep 2020 13:38:34 GMT" time="44.025" errors="0">
  <testcase name="openbrowserAndLaunchSite" time="15.642" classname="tests.TestRunner"/>
  <testcase name="validateLoginMessage" time="1.427" classname="tests.TestRunner"/>
  <testcase name="loginWithValidCredentials" time="1.916" classname="tests.TestRunner"/>
  <testcase name="validateUserAccount" time="0.147" classname="tests.TestRunner"/>
  <testcase name="clearShoppingCart" time="0.045" classname="tests.TestRunner"/>
  <testcase name="selectBookAndAddToCart" time="4.884" classname="tests.TestRunner"/>
  <testcase name="validateAddedToCartSuccessfully" time="0.74" classname="tests.TestRunner"/>
  <testcase name="validateSubTotal" time="1.879" classname="tests.TestRunner"/>
  <testcase name="billingAddress" time="5.445" classname="tests.TestRunner"/>
  <testcase name="shippingAddress" time="1.657" classname="tests.TestRunner"/>
  <testcase name="shippingMethod" time="0.942" classname="tests.TestRunner"/>
  <testcase name="paymentMethod" time="0.965" classname="tests.TestRunner"/>
  <testcase name="validateCODMessage" time="0.941" classname="tests.TestRunner"/>
  <testcase name="confirmOrder" time="0.821" classname="tests.TestRunner"/>
  <testcase name="validateOrderPlaced" time="0.121" classname="tests.TestRunner"/>
  <testcase name="displayOrderNumber" time="1.984" classname="tests.TestRunner"/>
  <testcase name="logout" time="2.815" classname="tests.TestRunner"/>
</testsuite> <!-- Default test -->
