<?xml version="1.0" encoding="UTF-8"?>
<testng-results skipped="0" failed="0" ignored="0" total="17" passed="17">
  <reporter-output>
  </reporter-output>
  <suite name="Default suite" duration-ms="44025" started-at="2020-09-24T13:37:50Z" finished-at="2020-09-24T13:38:34Z">
    <groups>
    </groups>
    <test name="Default test" duration-ms="44025" started-at="2020-09-24T13:37:50Z" finished-at="2020-09-24T13:38:34Z">
      <class name="tests.TestRunner">
        <test-method status="PASS" signature="loadFiles()[pri:0, instance:tests.TestRunner@6a4f787b]" name="loadFiles" is-config="true" duration-ms="216" started-at="2020-09-24T19:07:50Z" finished-at="2020-09-24T19:07:50Z">
          <reporter-output>
          </reporter-output>
        </test-method> <!-- loadFiles -->
        <test-method status="PASS" signature="openbrowserAndLaunchSite()[pri:1, instance:tests.TestRunner@6a4f787b]" name="openbrowserAndLaunchSite" duration-ms="15642" started-at="2020-09-24T19:07:50Z" finished-at="2020-09-24T19:08:06Z">
          <reporter-output>
          </reporter-output>
        </test-method> <!-- openbrowserAndLaunchSite -->
        <test-method status="PASS" signature="validateLoginMessage()[pri:2, instance:tests.TestRunner@6a4f787b]" name="validateLoginMessage" duration-ms="1427" started-at="2020-09-24T19:08:06Z" finished-at="2020-09-24T19:08:07Z">
          <reporter-output>
          </reporter-output>
        </test-method> <!-- validateLoginMessage -->
        <test-method status="PASS" signature="loginWithValidCredentials()[pri:3, instance:tests.TestRunner@6a4f787b]" name="loginWithValidCredentials" duration-ms="1916" started-at="2020-09-24T19:08:07Z" finished-at="2020-09-24T19:08:09Z">
          <reporter-output>
          </reporter-output>
        </test-method> <!-- loginWithValidCredentials -->
        <test-method status="PASS" signature="validateUserAccount()[pri:4, instance:tests.TestRunner@6a4f787b]" name="validateUserAccount" duration-ms="147" started-at="2020-09-24T19:08:09Z" finished-at="2020-09-24T19:08:10Z">
          <reporter-output>
          </reporter-output>
        </test-method> <!-- validateUserAccount -->
        <test-method status="PASS" signature="clearShoppingCart()[pri:5, instance:tests.TestRunner@6a4f787b]" name="clearShoppingCart" duration-ms="45" started-at="2020-09-24T19:08:10Z" finished-at="2020-09-24T19:08:10Z">
          <reporter-output>
          </reporter-output>
        </test-method> <!-- clearShoppingCart -->
        <test-method status="PASS" signature="selectBookAndAddToCart()[pri:6, instance:tests.TestRunner@6a4f787b]" name="selectBookAndAddToCart" duration-ms="4884" started-at="2020-09-24T19:08:10Z" finished-at="2020-09-24T19:08:14Z">
          <reporter-output>
          </reporter-output>
        </test-method> <!-- selectBookAndAddToCart -->
        <test-method status="PASS" signature="validateAddedToCartSuccessfully()[pri:7, instance:tests.TestRunner@6a4f787b]" name="validateAddedToCartSuccessfully" duration-ms="740" started-at="2020-09-24T19:08:14Z" finished-at="2020-09-24T19:08:15Z">
          <reporter-output>
          </reporter-output>
        </test-method> <!-- validateAddedToCartSuccessfully -->
        <test-method status="PASS" signature="validateSubTotal()[pri:8, instance:tests.TestRunner@6a4f787b]" name="validateSubTotal" duration-ms="1879" started-at="2020-09-24T19:08:15Z" finished-at="2020-09-24T19:08:17Z">
          <reporter-output>
          </reporter-output>
        </test-method> <!-- validateSubTotal -->
        <test-method status="PASS" signature="billingAddress()[pri:9, instance:tests.TestRunner@6a4f787b]" name="billingAddress" duration-ms="5445" started-at="2020-09-24T19:08:17Z" finished-at="2020-09-24T19:08:23Z">
          <reporter-output>
          </reporter-output>
        </test-method> <!-- billingAddress -->
        <test-method status="PASS" signature="shippingAddress()[pri:10, instance:tests.TestRunner@6a4f787b]" name="shippingAddress" duration-ms="1657" started-at="2020-09-24T19:08:23Z" finished-at="2020-09-24T19:08:24Z">
          <reporter-output>
          </reporter-output>
        </test-method> <!-- shippingAddress -->
        <test-method status="PASS" signature="shippingMethod()[pri:11, instance:tests.TestRunner@6a4f787b]" name="shippingMethod" duration-ms="942" started-at="2020-09-24T19:08:24Z" finished-at="2020-09-24T19:08:25Z">
          <reporter-output>
          </reporter-output>
        </test-method> <!-- shippingMethod -->
        <test-method status="PASS" signature="paymentMethod()[pri:12, instance:tests.TestRunner@6a4f787b]" name="paymentMethod" duration-ms="965" started-at="2020-09-24T19:08:25Z" finished-at="2020-09-24T19:08:26Z">
          <reporter-output>
          </reporter-output>
        </test-method> <!-- paymentMethod -->
        <test-method status="PASS" signature="validateCODMessage()[pri:13, instance:tests.TestRunner@6a4f787b]" name="validateCODMessage" duration-ms="941" started-at="2020-09-24T19:08:26Z" finished-at="2020-09-24T19:08:27Z">
          <reporter-output>
          </reporter-output>
        </test-method> <!-- validateCODMessage -->
        <test-method status="PASS" signature="confirmOrder()[pri:14, instance:tests.TestRunner@6a4f787b]" name="confirmOrder" duration-ms="821" started-at="2020-09-24T19:08:27Z" finished-at="2020-09-24T19:08:28Z">
          <reporter-output>
          </reporter-output>
        </test-method> <!-- confirmOrder -->
        <test-method status="PASS" signature="validateOrderPlaced()[pri:15, instance:tests.TestRunner@6a4f787b]" name="validateOrderPlaced" duration-ms="121" started-at="2020-09-24T19:08:28Z" finished-at="2020-09-24T19:08:28Z">
          <reporter-output>
          </reporter-output>
        </test-method> <!-- validateOrderPlaced -->
        <test-method status="PASS" signature="displayOrderNumber()[pri:16, instance:tests.TestRunner@6a4f787b]" name="displayOrderNumber" duration-ms="1984" started-at="2020-09-24T19:08:28Z" finished-at="2020-09-24T19:08:30Z">
          <reporter-output>
          </reporter-output>
        </test-method> <!-- displayOrderNumber -->
        <test-method status="PASS" signature="logout()[pri:17, instance:tests.TestRunner@6a4f787b]" name="logout" duration-ms="2815" started-at="2020-09-24T19:08:30Z" finished-at="2020-09-24T19:08:33Z">
          <reporter-output>
          </reporter-output>
        </test-method> <!-- logout -->
        <test-method status="PASS" signature="saveAndclose()[pri:0, instance:tests.TestRunner@6a4f787b]" name="saveAndclose" is-config="true" duration-ms="1338" started-at="2020-09-24T19:08:33Z" finished-at="2020-09-24T19:08:34Z">
          <reporter-output>
          </reporter-output>
        </test-method> <!-- saveAndclose -->
      </class> <!-- tests.TestRunner -->
    </test> <!-- Default test -->
  </suite> <!-- Default suite -->
</testng-results>
